0 info it worked if it ends with ok
1 verbose cli [ '/usr/local/bin/node',
1 verbose cli   '/usr/local/bin/npm',
1 verbose cli   'install',
1 verbose cli   '--save',
1 verbose cli   'zlib' ]
2 info using npm@3.10.5
3 info using node@v5.1.0
4 silly loadCurrentTree Starting
5 silly install loadCurrentTree
6 silly install readLocalPackageData
7 silly fetchPackageMetaData zlib
8 silly fetchNamedPackageData zlib
9 silly mapToRegistry name zlib
10 silly mapToRegistry using default registry
11 silly mapToRegistry registry https://registry.npmjs.org/
12 silly mapToRegistry data Result {
12 silly mapToRegistry   raw: 'zlib',
12 silly mapToRegistry   scope: null,
12 silly mapToRegistry   escapedName: 'zlib',
12 silly mapToRegistry   name: 'zlib',
12 silly mapToRegistry   rawSpec: '',
12 silly mapToRegistry   spec: 'latest',
12 silly mapToRegistry   type: 'tag' }
13 silly mapToRegistry uri https://registry.npmjs.org/zlib
14 verbose request uri https://registry.npmjs.org/zlib
15 verbose request no auth needed
16 info attempt registry request try #1 at 22:43:23
17 verbose request using bearer token for auth
18 verbose request id 6f4fd6e62cf7740f
19 http request GET https://registry.npmjs.org/zlib
20 http 200 https://registry.npmjs.org/zlib
21 verbose headers { server: 'CouchDB/1.5.0 (Erlang OTP/R16B03)',
21 verbose headers   etag: '"5ZD8OZO6M8FVHQHJHDOOR2QN9"',
21 verbose headers   'content-type': 'application/json',
21 verbose headers   'content-encoding': 'gzip',
21 verbose headers   'cache-control': 'max-age=300',
21 verbose headers   'transfer-encoding': 'chunked',
21 verbose headers   'accept-ranges': 'bytes',
21 verbose headers   date: 'Wed, 27 Jul 2016 14:43:24 GMT',
21 verbose headers   via: '1.1 varnish',
21 verbose headers   connection: 'keep-alive',
21 verbose headers   'x-served-by': 'cache-itm7420-ITM',
21 verbose headers   'x-cache': 'MISS',
21 verbose headers   'x-cache-hits': '0',
21 verbose headers   'x-timer': 'S1469630604.375162,VS0,VE149',
21 verbose headers   vary: 'Accept-Encoding' }
22 silly get cb [ 200,
22 silly get   { server: 'CouchDB/1.5.0 (Erlang OTP/R16B03)',
22 silly get     etag: '"5ZD8OZO6M8FVHQHJHDOOR2QN9"',
22 silly get     'content-type': 'application/json',
22 silly get     'content-encoding': 'gzip',
22 silly get     'cache-control': 'max-age=300',
22 silly get     'transfer-encoding': 'chunked',
22 silly get     'accept-ranges': 'bytes',
22 silly get     date: 'Wed, 27 Jul 2016 14:43:24 GMT',
22 silly get     via: '1.1 varnish',
22 silly get     connection: 'keep-alive',
22 silly get     'x-served-by': 'cache-itm7420-ITM',
22 silly get     'x-cache': 'MISS',
22 silly get     'x-cache-hits': '0',
22 silly get     'x-timer': 'S1469630604.375162,VS0,VE149',
22 silly get     vary: 'Accept-Encoding' } ]
23 verbose get saving zlib to /Users/liwei/.npm/registry.npmjs.org/zlib/.cache.json
24 verbose correctMkdir /Users/liwei/.npm correctMkdir not in flight; initializing
25 silly install normalizeTree
26 silly loadCurrentTree Finishing
27 silly loadIdealTree Starting
28 silly install loadIdealTree
29 silly cloneCurrentTree Starting
30 silly install cloneCurrentTreeToIdealTree
31 silly cloneCurrentTree Finishing
32 silly loadShrinkwrap Starting
33 silly install loadShrinkwrap
34 silly loadShrinkwrap Finishing
35 silly loadAllDepsIntoIdealTree Starting
36 silly install loadAllDepsIntoIdealTree
37 silly resolveWithNewModule zlib@1.0.5 checking installable status
38 silly cache add args [ 'zlib', null ]
39 verbose cache add spec zlib
40 silly cache add parsed spec Result {
40 silly cache add   raw: 'zlib',
40 silly cache add   scope: null,
40 silly cache add   escapedName: 'zlib',
40 silly cache add   name: 'zlib',
40 silly cache add   rawSpec: '',
40 silly cache add   spec: 'latest',
40 silly cache add   type: 'tag' }
41 silly addNamed zlib@latest
42 verbose addNamed "latest" is being treated as a dist-tag for zlib
43 info addNameTag [ 'zlib', 'latest' ]
44 silly mapToRegistry name zlib
45 silly mapToRegistry using default registry
46 silly mapToRegistry registry https://registry.npmjs.org/
47 silly mapToRegistry data Result {
47 silly mapToRegistry   raw: 'zlib',
47 silly mapToRegistry   scope: null,
47 silly mapToRegistry   escapedName: 'zlib',
47 silly mapToRegistry   name: 'zlib',
47 silly mapToRegistry   rawSpec: '',
47 silly mapToRegistry   spec: 'latest',
47 silly mapToRegistry   type: 'tag' }
48 silly mapToRegistry uri https://registry.npmjs.org/zlib
49 verbose addNameTag registry:https://registry.npmjs.org/zlib not in flight; fetching
50 verbose get https://registry.npmjs.org/zlib not expired, no request
51 silly addNameTag next cb for zlib with tag latest
52 silly addNamed zlib@1.0.5
53 verbose addNamed "1.0.5" is a plain semver version for zlib
54 silly mapToRegistry name zlib
55 silly mapToRegistry using default registry
56 silly mapToRegistry registry https://registry.npmjs.org/
57 silly mapToRegistry data Result {
57 silly mapToRegistry   raw: 'zlib',
57 silly mapToRegistry   scope: null,
57 silly mapToRegistry   escapedName: 'zlib',
57 silly mapToRegistry   name: 'zlib',
57 silly mapToRegistry   rawSpec: '',
57 silly mapToRegistry   spec: 'latest',
57 silly mapToRegistry   type: 'tag' }
58 silly mapToRegistry uri https://registry.npmjs.org/zlib
59 verbose addRemoteTarball https://registry.npmjs.org/zlib/-/zlib-1.0.5.tgz not in flight; adding
60 verbose addRemoteTarball [ 'https://registry.npmjs.org/zlib/-/zlib-1.0.5.tgz',
60 verbose addRemoteTarball   '6e7c972fc371c645a6afb03ab14769def114fcc0' ]
61 info retry fetch attempt 1 at 22:43:24
62 info attempt registry request try #1 at 22:43:24
63 http fetch GET https://registry.npmjs.org/zlib/-/zlib-1.0.5.tgz
64 verbose request using bearer token for auth
65 http fetch 200 https://registry.npmjs.org/zlib/-/zlib-1.0.5.tgz
66 silly fetchAndShaCheck shasum 6e7c972fc371c645a6afb03ab14769def114fcc0
67 verbose addTmpTarball /var/folders/9l/rlk57lms6x1dssbxhh8gzrch0000gn/T/npm-2358-d71ad0da/registry.npmjs.org/zlib/-/zlib-1.0.5.tgz not in flight; adding
68 verbose addTmpTarball already have metadata; skipping unpack for zlib@1.0.5
69 verbose correctMkdir /Users/liwei/.npm correctMkdir not in flight; initializing
70 silly cache afterAdd zlib@1.0.5
71 verbose afterAdd /Users/liwei/.npm/zlib/1.0.5/package/package.json not in flight; writing
72 verbose correctMkdir /Users/liwei/.npm correctMkdir not in flight; initializing
73 verbose afterAdd /Users/liwei/.npm/zlib/1.0.5/package/package.json written
74 silly loadAllDepsIntoIdealTree Finishing
75 silly loadIdealTree Finishing
76 silly currentTree stream_tutorial@1.0.0
77 silly idealTree stream_tutorial@1.0.0
77 silly idealTree └── zlib@1.0.5
78 silly generateActionsToTake Starting
79 silly install generateActionsToTake
80 silly generateActionsToTake Finishing
81 silly diffTrees action count 1
82 silly diffTrees add zlib@1.0.5
83 silly decomposeActions action count 8
84 silly decomposeActions fetch zlib@1.0.5
85 silly decomposeActions extract zlib@1.0.5
86 silly decomposeActions test zlib@1.0.5
87 silly decomposeActions preinstall zlib@1.0.5
88 silly decomposeActions build zlib@1.0.5
89 silly decomposeActions install zlib@1.0.5
90 silly decomposeActions postinstall zlib@1.0.5
91 silly decomposeActions finalize zlib@1.0.5
92 silly executeActions Starting
93 silly install executeActions
94 silly doSerial global-install 0
95 silly doParallel fetch 1
96 verbose correctMkdir /Users/liwei/.npm/_locks correctMkdir not in flight; initializing
97 verbose lock using /Users/liwei/.npm/_locks/staging-0e439c076f8de0c4.lock for /Users/liwei/Desktop/work/nodemodule/stream/node_modules/.staging
98 silly doParallel extract 1
99 silly extract zlib@1.0.5
100 verbose unbuild node_modules/.staging/zlib-2cb3e338
101 silly gentlyRm /Users/liwei/Desktop/work/nodemodule/stream/node_modules/.staging/zlib-2cb3e338 is being purged from base /Users/liwei/Desktop/work/nodemodule/stream
102 verbose gentlyRm don't care about contents; nuking /Users/liwei/Desktop/work/nodemodule/stream/node_modules/.staging/zlib-2cb3e338
103 verbose tar unpack /Users/liwei/.npm/zlib/1.0.5/package.tgz
104 verbose tar unpacking to /Users/liwei/Desktop/work/nodemodule/stream/node_modules/.staging/zlib-2cb3e338
105 silly gentlyRm /Users/liwei/Desktop/work/nodemodule/stream/node_modules/.staging/zlib-2cb3e338 is being purged
106 verbose gentlyRm don't care about contents; nuking /Users/liwei/Desktop/work/nodemodule/stream/node_modules/.staging/zlib-2cb3e338
107 silly gunzTarPerm modes [ '755', '644' ]
108 silly gunzTarPerm extractEntry .gitignore
109 silly gunzTarPerm extractEntry configure
110 silly gunzTarPerm extractEntry index.js
111 silly gunzTarPerm extractEntry LICENSE
112 silly gunzTarPerm extractEntry Makefile
113 silly gunzTarPerm extractEntry package.json
114 silly gunzTarPerm extractEntry README.md
115 silly gunzTarPerm extractEntry wscript
116 silly gunzTarPerm extractEntry lib/zlib.js
117 silly gunzTarPerm extractEntry src/node-zlib.cc
118 silly gunzTarPerm extractEntry test/deflate.test.js
119 silly gunzTarPerm extractEntry test/inflate.test.js
120 silly gentlyRm /Users/liwei/Desktop/work/nodemodule/stream/node_modules/.staging/zlib-2cb3e338/node_modules is being purged
121 verbose gentlyRm don't care about contents; nuking /Users/liwei/Desktop/work/nodemodule/stream/node_modules/.staging/zlib-2cb3e338/node_modules
122 silly doParallel preinstall 1
123 silly preinstall zlib@1.0.5 /Users/liwei/Desktop/work/nodemodule/stream/node_modules/.staging/zlib-2cb3e338
124 info lifecycle zlib@1.0.5~preinstall: zlib@1.0.5
125 verbose lifecycle zlib@1.0.5~preinstall: unsafe-perm in lifecycle true
126 verbose lifecycle zlib@1.0.5~preinstall: PATH: /usr/local/lib/node_modules/npm/bin/node-gyp-bin:/Users/liwei/Desktop/work/nodemodule/stream/node_modules/.staging/zlib-2cb3e338/node_modules/.bin:/Users/liwei/Desktop/work/nodemodule/stream/node_modules/.bin:/usr/local/bin:/Library/Frameworks/Python.framework/Versions/3.5/bin:/usr/local/bin:/usr/bin:/bin:/usr/sbin:/sbin:/usr/local/go/bin:/Users/liwei/.rvm/bin
127 verbose lifecycle zlib@1.0.5~preinstall: CWD: /Users/liwei/Desktop/work/nodemodule/stream/node_modules/.staging/zlib-2cb3e338
128 silly lifecycle zlib@1.0.5~preinstall: Args: [ '-c', 'node-waf clean || true; node-waf configure build' ]
129 info lifecycle zlib@1.0.5~preinstall: Failed to exec preinstall script
130 verbose unlock done using /Users/liwei/.npm/_locks/staging-0e439c076f8de0c4.lock for /Users/liwei/Desktop/work/nodemodule/stream/node_modules/.staging
131 silly rollbackFailedOptional Starting
132 silly rollbackFailedOptional Finishing
133 silly runTopLevelLifecycles Starting
134 silly runTopLevelLifecycles Finishing
135 silly install printInstalled
136 warn stream_tutorial@1.0.0 No description
137 warn stream_tutorial@1.0.0 No repository field.
138 verbose stack Error: zlib@1.0.5 preinstall: `node-waf clean || true; node-waf configure build`
138 verbose stack spawn ENOENT
138 verbose stack     at ChildProcess.<anonymous> (/usr/local/lib/node_modules/npm/lib/utils/spawn.js:33:16)
138 verbose stack     at emitTwo (events.js:87:13)
138 verbose stack     at ChildProcess.emit (events.js:172:7)
138 verbose stack     at maybeClose (internal/child_process.js:818:16)
138 verbose stack     at Process.ChildProcess._handle.onexit (internal/child_process.js:211:5)
139 verbose pkgid zlib@1.0.5
140 verbose cwd /Users/liwei/Desktop/work/nodemodule/stream
141 error Darwin 15.0.0
142 error argv "/usr/local/bin/node" "/usr/local/bin/npm" "install" "--save" "zlib"
143 error node v5.1.0
144 error npm  v3.10.5
145 error file sh
146 error code ELIFECYCLE
147 error errno ENOENT
148 error syscall spawn
149 error zlib@1.0.5 preinstall: `node-waf clean || true; node-waf configure build`
149 error spawn ENOENT
150 error Failed at the zlib@1.0.5 preinstall script 'node-waf clean || true; node-waf configure build'.
150 error Make sure you have the latest version of node.js and npm installed.
150 error If you do, this is most likely a problem with the zlib package,
150 error not with npm itself.
150 error Tell the author that this fails on your system:
150 error     node-waf clean || true; node-waf configure build
150 error You can get information on how to open an issue for this project with:
150 error     npm bugs zlib
150 error Or if that isn't available, you can get their info via:
150 error     npm owner ls zlib
150 error There is likely additional logging output above.
151 verbose exit [ 1, true ]
